# JRE version: Java(TM) SE Runtime Environment (17.0.4+11) (build 17.0.4+11-LTS-179)
# Java VM: Java HotSpot(TM) 64-Bit Server VM (17.0.4+11-LTS-179, mixed mode, sharing, tiered, compressed oops, compressed class ptrs, g1 gc, windows-amd64)
GC Precious Log:
 CPUs: 12 total, 12 available
 Memory: 16257M
 Large Page Support: Disabled
 NUMA Support: Disabled
 Compressed Oops: Enabled (Zero based)
 Heap Region Size: 32M
 Heap Min Capacity: 512M
 Heap Initial Capacity: 512M
 Heap Max Capacity: 3G
 Pre-touch: Disabled
 Parallel Workers: 10
 Concurrent Workers: 3
 Concurrent Refinement Workers: 10
 Periodic GC: Disabled
Heap:
 garbage-first heap   total 1212416K, used 644955K [0x0000000740000000, 0x0000000800000000)
  region size 32768K, 17 young (557056K), 1 survivors (32768K)
 Metaspace       used 34650K, committed 35008K, reserved 1081344K
  class space    used 5187K, committed 5376K, reserved 1048576K
GC Heap History (20 events):
Event: 8.655 GC heap before
{Heap before GC invocations=36 (full 0):
 garbage-first heap   total 1212416K, used 840793K [0x0000000740000000, 0x0000000800000000)
  region size 32768K, 21 young (688128K), 1 survivors (32768K)
 Metaspace       used 33209K, committed 33536K, reserved 1081344K
  class space    used 5030K, committed 5184K, reserved 1048576K
}
Event: 8.656 GC heap after
{Heap after GC invocations=37 (full 0):
 garbage-first heap   total 1212416K, used 185494K [0x0000000740000000, 0x0000000800000000)
  region size 32768K, 1 young (32768K), 1 survivors (32768K)
 Metaspace       used 33209K, committed 33536K, reserved 1081344K
  class space    used 5030K, committed 5184K, reserved 1048576K
}
Event: 8.715 GC heap before
{Heap before GC invocations=37 (full 0):
 garbage-first heap   total 1212416K, used 840854K [0x0000000740000000, 0x0000000800000000)
  region size 32768K, 21 young (688128K), 1 survivors (32768K)
 Metaspace       used 33210K, committed 33536K, reserved 1081344K
  class space    used 5030K, committed 5184K, reserved 1048576K
}
Event: 8.716 GC heap after
{Heap after GC invocations=38 (full 0):
 garbage-first heap   total 1212416K, used 185520K [0x0000000740000000, 0x0000000800000000)
  region size 32768K, 1 young (32768K), 1 survivors (32768K)
 Metaspace       used 33210K, committed 33536K, reserved 1081344K
  class space    used 5030K, committed 5184K, reserved 1048576K
}
Event: 8.777 GC heap before
{Heap before GC invocations=38 (full 0):
 garbage-first heap   total 1212416K, used 840880K [0x0000000740000000, 0x0000000800000000)
  region size 32768K, 21 young (688128K), 1 survivors (32768K)
 Metaspace       used 33210K, committed 33536K, reserved 1081344K
  class space    used 5030K, committed 5184K, reserved 1048576K
}
Event: 8.778 GC heap after
{Heap after GC invocations=39 (full 0):
 garbage-first heap   total 1212416K, used 185561K [0x0000000740000000, 0x0000000800000000)
  region size 32768K, 1 young (32768K), 1 survivors (32768K)
 Metaspace       used 33210K, committed 33536K, reserved 1081344K
  class space    used 5030K, committed 5184K, reserved 1048576K
}
Event: 8.837 GC heap before
{Heap before GC invocations=39 (full 0):
 garbage-first heap   total 1212416K, used 840921K [0x0000000740000000, 0x0000000800000000)
  region size 32768K, 21 young (688128K), 1 survivors (32768K)
 Metaspace       used 33210K, committed 33536K, reserved 1081344K
  class space    used 5030K, committed 5184K, reserved 1048576K
}
Event: 8.837 GC heap after
{Heap after GC invocations=40 (full 0):
 garbage-first heap   total 1212416K, used 185572K [0x0000000740000000, 0x0000000800000000)
  region size 32768K, 1 young (32768K), 1 survivors (32768K)
 Metaspace       used 33210K, committed 33536K, reserved 1081344K
  class space    used 5030K, committed 5184K, reserved 1048576K
}
Event: 8.897 GC heap before
{Heap before GC invocations=40 (full 0):
 garbage-first heap   total 1212416K, used 840932K [0x0000000740000000, 0x0000000800000000)
  region size 32768K, 21 young (688128K), 1 survivors (32768K)
 Metaspace       used 33210K, committed 33536K, reserved 1081344K
  class space    used 5030K, committed 5184K, reserved 1048576K
}
Event: 8.897 GC heap after
{Heap after GC invocations=41 (full 0):
 garbage-first heap   total 1212416K, used 185618K [0x0000000740000000, 0x0000000800000000)
  region size 32768K, 1 young (32768K), 1 survivors (32768K)
 Metaspace       used 33210K, committed 33536K, reserved 1081344K
  class space    used 5030K, committed 5184K, reserved 1048576K
}
Event: 8.957 GC heap before
{Heap before GC invocations=41 (full 0):
 garbage-first heap   total 1212416K, used 840978K [0x0000000740000000, 0x0000000800000000)
  region size 32768K, 21 young (688128K), 1 survivors (32768K)
 Metaspace       used 33210K, committed 33536K, reserved 1081344K
  class space    used 5030K, committed 5184K, reserved 1048576K
}
Event: 8.957 GC heap after
{Heap after GC invocations=42 (full 0):
 garbage-first heap   total 1212416K, used 185621K [0x0000000740000000, 0x0000000800000000)
  region size 32768K, 1 young (32768K), 1 survivors (32768K)
 Metaspace       used 33210K, committed 33536K, reserved 1081344K
  class space    used 5030K, committed 5184K, reserved 1048576K
}
Event: 9.017 GC heap before
{Heap before GC invocations=42 (full 0):
 garbage-first heap   total 1212416K, used 840981K [0x0000000740000000, 0x0000000800000000)
  region size 32768K, 21 young (688128K), 1 survivors (32768K)
 Metaspace       used 33210K, committed 33536K, reserved 1081344K
  class space    used 5030K, committed 5184K, reserved 1048576K
}
Event: 9.017 GC heap after
{Heap after GC invocations=43 (full 0):
 garbage-first heap   total 1212416K, used 185678K [0x0000000740000000, 0x0000000800000000)
  region size 32768K, 1 young (32768K), 1 survivors (32768K)
 Metaspace       used 33210K, committed 33536K, reserved 1081344K
  class space    used 5030K, committed 5184K, reserved 1048576K
}
Event: 9.079 GC heap before
{Heap before GC invocations=43 (full 0):
 garbage-first heap   total 1212416K, used 841038K [0x0000000740000000, 0x0000000800000000)
  region size 32768K, 21 young (688128K), 1 survivors (32768K)
 Metaspace       used 33213K, committed 33536K, reserved 1081344K
  class space    used 5030K, committed 5184K, reserved 1048576K
}
Event: 9.080 GC heap after
{Heap after GC invocations=44 (full 0):
 garbage-first heap   total 1212416K, used 185706K [0x0000000740000000, 0x0000000800000000)
  region size 32768K, 1 young (32768K), 1 survivors (32768K)
 Metaspace       used 33213K, committed 33536K, reserved 1081344K
  class space    used 5030K, committed 5184K, reserved 1048576K
}
Event: 9.686 GC heap before
{Heap before GC invocations=44 (full 0):
 garbage-first heap   total 1212416K, used 808298K [0x0000000740000000, 0x0000000800000000)
  region size 32768K, 21 young (688128K), 1 survivors (32768K)
 Metaspace       used 33940K, committed 34304K, reserved 1081344K
  class space    used 5103K, committed 5312K, reserved 1048576K
}
Event: 9.687 GC heap after
{Heap after GC invocations=45 (full 0):
 garbage-first heap   total 1212416K, used 186696K [0x0000000740000000, 0x0000000800000000)
  region size 32768K, 1 young (32768K), 1 survivors (32768K)
 Metaspace       used 33940K, committed 34304K, reserved 1081344K
  class space    used 5103K, committed 5312K, reserved 1048576K
}
Event: 10.028 GC heap before
{Heap before GC invocations=45 (full 0):
 garbage-first heap   total 1212416K, used 809288K [0x0000000740000000, 0x0000000800000000)
  region size 32768K, 21 young (688128K), 1 survivors (32768K)
 Metaspace       used 34027K, committed 34432K, reserved 1081344K
  class space    used 5114K, committed 5312K, reserved 1048576K
}
Event: 10.030 GC heap after
{Heap after GC invocations=46 (full 0):
 garbage-first heap   total 1212416K, used 186203K [0x0000000740000000, 0x0000000800000000)
  region size 32768K, 1 young (32768K), 1 survivors (32768K)
 Metaspace       used 34027K, committed 34432K, reserved 1081344K
  class space    used 5114K, committed 5312K, reserved 1048576K
}

